[1.049s] Invoking command in '/home/anthomarlexchan/F1TENTH/f1tenth_system-foxy-devel/f1tenth_system-foxy-devel/f1tenth_stack': PYTHONPATH=/home/anthomarlexchan/F1TENTH/build/f1tenth_stack/prefix_override:/usr/lib/python3/dist-packages/colcon_core/task/python/colcon_distutils_commands:/home/anthomarlexchan/F1TENTH/install/f1tenth_stack/lib/python3.10/site-packages: /usr/bin/python3 -W ignore:setup.py install is deprecated -W ignore:easy_install command is deprecated setup.py egg_info --egg-base ../../../build/f1tenth_stack build --build-base /home/anthomarlexchan/F1TENTH/build/f1tenth_stack/build install --record /home/anthomarlexchan/F1TENTH/build/f1tenth_stack/install.log --install-scripts $base/lib/f1tenth_stack --single-version-externally-managed install_data
[1.411s] /usr/lib/python3/dist-packages/setuptools/dist.py:723: UserWarning: Usage of dash-separated 'script-dir' will not be supported in future versions. Please use the underscore name 'script_dir' instead
[1.412s]   warnings.warn(
[1.428s] running egg_info
[1.429s] creating ../../../build/f1tenth_stack/f1tenth_stack.egg-info
[1.430s] writing ../../../build/f1tenth_stack/f1tenth_stack.egg-info/PKG-INFO
[1.430s] writing dependency_links to ../../../build/f1tenth_stack/f1tenth_stack.egg-info/dependency_links.txt
[1.430s] writing entry points to ../../../build/f1tenth_stack/f1tenth_stack.egg-info/entry_points.txt
[1.431s] writing requirements to ../../../build/f1tenth_stack/f1tenth_stack.egg-info/requires.txt
[1.431s] writing top-level names to ../../../build/f1tenth_stack/f1tenth_stack.egg-info/top_level.txt
[1.431s] writing manifest file '../../../build/f1tenth_stack/f1tenth_stack.egg-info/SOURCES.txt'
[1.435s] reading manifest file '../../../build/f1tenth_stack/f1tenth_stack.egg-info/SOURCES.txt'
[1.436s] writing manifest file '../../../build/f1tenth_stack/f1tenth_stack.egg-info/SOURCES.txt'
[1.437s] running build
[1.437s] running build_py
[1.437s] creating /home/anthomarlexchan/F1TENTH/build/f1tenth_stack/build
[1.437s] creating /home/anthomarlexchan/F1TENTH/build/f1tenth_stack/build/lib
[1.438s] creating /home/anthomarlexchan/F1TENTH/build/f1tenth_stack/build/lib/f1tenth_stack
[1.438s] copying f1tenth_stack/__init__.py -> /home/anthomarlexchan/F1TENTH/build/f1tenth_stack/build/lib/f1tenth_stack
[1.438s] copying f1tenth_stack/tf_publisher.py -> /home/anthomarlexchan/F1TENTH/build/f1tenth_stack/build/lib/f1tenth_stack
[1.443s] copying f1tenth_stack/throttle_interpolator.py -> /home/anthomarlexchan/F1TENTH/build/f1tenth_stack/build/lib/f1tenth_stack
[1.444s] running install
[1.444s] running install_lib
[1.445s] creating /home/anthomarlexchan/F1TENTH/install/f1tenth_stack/lib/python3.10/site-packages/f1tenth_stack
[1.446s] copying /home/anthomarlexchan/F1TENTH/build/f1tenth_stack/build/lib/f1tenth_stack/__init__.py -> /home/anthomarlexchan/F1TENTH/install/f1tenth_stack/lib/python3.10/site-packages/f1tenth_stack
[1.446s] copying /home/anthomarlexchan/F1TENTH/build/f1tenth_stack/build/lib/f1tenth_stack/tf_publisher.py -> /home/anthomarlexchan/F1TENTH/install/f1tenth_stack/lib/python3.10/site-packages/f1tenth_stack
[1.446s] copying /home/anthomarlexchan/F1TENTH/build/f1tenth_stack/build/lib/f1tenth_stack/throttle_interpolator.py -> /home/anthomarlexchan/F1TENTH/install/f1tenth_stack/lib/python3.10/site-packages/f1tenth_stack
[1.447s] byte-compiling /home/anthomarlexchan/F1TENTH/install/f1tenth_stack/lib/python3.10/site-packages/f1tenth_stack/__init__.py to __init__.cpython-310.pyc
[1.448s] byte-compiling /home/anthomarlexchan/F1TENTH/install/f1tenth_stack/lib/python3.10/site-packages/f1tenth_stack/tf_publisher.py to tf_publisher.cpython-310.pyc
[1.449s] byte-compiling /home/anthomarlexchan/F1TENTH/install/f1tenth_stack/lib/python3.10/site-packages/f1tenth_stack/throttle_interpolator.py to throttle_interpolator.cpython-310.pyc
[1.450s] running install_data
[1.450s] creating /home/anthomarlexchan/F1TENTH/install/f1tenth_stack/share/ament_index
[1.451s] creating /home/anthomarlexchan/F1TENTH/install/f1tenth_stack/share/ament_index/resource_index
[1.451s] creating /home/anthomarlexchan/F1TENTH/install/f1tenth_stack/share/ament_index/resource_index/packages
[1.451s] copying resource/f1tenth_stack -> /home/anthomarlexchan/F1TENTH/install/f1tenth_stack/share/ament_index/resource_index/packages
[1.452s] copying package.xml -> /home/anthomarlexchan/F1TENTH/install/f1tenth_stack/share/f1tenth_stack
[1.452s] creating /home/anthomarlexchan/F1TENTH/install/f1tenth_stack/share/f1tenth_stack/launch
[1.452s] copying launch/bringup_launch.py -> /home/anthomarlexchan/F1TENTH/install/f1tenth_stack/share/f1tenth_stack/launch
[1.453s] creating /home/anthomarlexchan/F1TENTH/install/f1tenth_stack/share/f1tenth_stack/config
[1.453s] copying config/sensors.yaml -> /home/anthomarlexchan/F1TENTH/install/f1tenth_stack/share/f1tenth_stack/config
[1.453s] copying config/joy_teleop.yaml -> /home/anthomarlexchan/F1TENTH/install/f1tenth_stack/share/f1tenth_stack/config
[1.453s] copying config/f1tenth_online_async.yaml -> /home/anthomarlexchan/F1TENTH/install/f1tenth_stack/share/f1tenth_stack/config
[1.454s] copying config/mux.yaml -> /home/anthomarlexchan/F1TENTH/install/f1tenth_stack/share/f1tenth_stack/config
[1.454s] copying config/vesc.yaml -> /home/anthomarlexchan/F1TENTH/install/f1tenth_stack/share/f1tenth_stack/config
[1.454s] running install_egg_info
[1.457s] Copying ../../../build/f1tenth_stack/f1tenth_stack.egg-info to /home/anthomarlexchan/F1TENTH/install/f1tenth_stack/lib/python3.10/site-packages/f1tenth_stack-0.0.1-py3.10.egg-info
[1.459s] running install_scripts
[1.498s] Installing tf_publisher script to /home/anthomarlexchan/F1TENTH/install/f1tenth_stack/lib/f1tenth_stack
[1.499s] Installing throttle_interpolator script to /home/anthomarlexchan/F1TENTH/install/f1tenth_stack/lib/f1tenth_stack
[1.499s] writing list of installed files to '/home/anthomarlexchan/F1TENTH/build/f1tenth_stack/install.log'
[1.562s] Invoked command in '/home/anthomarlexchan/F1TENTH/f1tenth_system-foxy-devel/f1tenth_system-foxy-devel/f1tenth_stack' returned '0': PYTHONPATH=/home/anthomarlexchan/F1TENTH/build/f1tenth_stack/prefix_override:/usr/lib/python3/dist-packages/colcon_core/task/python/colcon_distutils_commands:/home/anthomarlexchan/F1TENTH/install/f1tenth_stack/lib/python3.10/site-packages: /usr/bin/python3 -W ignore:setup.py install is deprecated -W ignore:easy_install command is deprecated setup.py egg_info --egg-base ../../../build/f1tenth_stack build --build-base /home/anthomarlexchan/F1TENTH/build/f1tenth_stack/build install --record /home/anthomarlexchan/F1TENTH/build/f1tenth_stack/install.log --install-scripts $base/lib/f1tenth_stack --single-version-externally-managed install_data
